sample.interval=20000
".External" "f" "doTryCatch" "tryCatchOne" "tryCatchList" "tryCatch" "withCallingHandlers" ".rs.callAs" "Rprof" "eval" "eval" "withVisible" "source" 
"mayCallBrowserList" "mayCallBrowser" "mayCallBrowserList" "mayCallBrowser" "mayCallBrowserList" "mayCallBrowser" "cmpfun" "doTryCatch" "tryCatchOne" "tryCatchList" "tryCatch" "compiler:::tryCmpfun" ".rs.describeObject" 
"match.fun" "lapply" "sapply" "str.default" "NextMethod" "str.data.frame" "str" "<Anonymous>" "do.call" "strSub" "str.default" "str" "doTryCatch" "tryCatchOne" "tryCatchList" "tryCatch" "try" "...elt" "withVisible" "capture.output" "doTryCatch" "tryCatchOne" "tryCatchList" "tryCatch" ".rs.withTimeLimit" ".rs.valueFromStr" ".rs.valueContentsImpl" "doTryCatch" "tryCatchOne" "tryCatchList" "tryCatch" ".rs.valueContents" ".rs.describeObject" 
"ls" "FUN" "lapply" ".rs.objectsOnSearchPath" ".rs.getCompletionsSearchPath" "Reduce" ".rs.rpc.get_completions" 
"processRdSexprs" "prepare_Rd" "Rd2HTML" "tools:::httpd" "withCallingHandlers" "suppressWarnings" ".rs.getHelp" ".rs.getHelpFromObject" ".rs.getHelpFunction" "impl" ".rs.rpc.get_help" 
"grep" "isBlankLineRd" "addParaBreaks" "writeLines" "writeLinesUTF8" "of1" "writeBlock" "writeContent" "writeBlock" "writeContent" "writeSection" "Rd2HTML" "tools:::httpd" "withCallingHandlers" "suppressWarnings" ".rs.getHelp" ".rs.getHelpFromObject" ".rs.getHelpFunction" "impl" ".rs.rpc.get_help" 
"gsub" "psub" "addParaBreaks" "writeLines" "writeLinesUTF8" "of1" "writeBlock" "writeContent" "writeSection" "Rd2HTML" "tools:::httpd" "withCallingHandlers" "suppressWarnings" ".rs.getHelp" ".rs.getHelpFromObject" ".rs.getHelpFunction" "impl" ".rs.rpc.get_help" 
".Call" "<Anonymous>" "do.call" "callFun" "rstudioapi::documentSaveAll" "save_all" "load_all" 
"parse" "tools:::.parse_CITATION_file" "utils:::readCitationFile" ".Call" "<Anonymous>" "do.call" "callFun" "<Anonymous>" "get_data" "detect_new" "rstudio$detect" "num_ansi_colors" "...elt" "stopifnot" "make_ansi_style" "create_formatter" "merge_embedded_styles" "clii__container_start" ".transformer" "%||%" "<Anonymous>" "glue" "FUN" "lapply" "clii__inline" "app$inline" "clii__xtext" "app$xtext" "clii_text" "app$text" "FUN" "lapply" "clii_bullets" "<Anonymous>" "do.call" "cli__fmt" "cli_fmt" "format_message" "%||%" "rlang::inform" "cli::cli_inform" "pkgload::load_all" "load_all" 
"grDevices::colors" "%in%" "is_r_color" "make_ansi_style" "get_rstudio_fg_color0" "doTryCatch" "tryCatchOne" "tryCatchList" "tryCatch" "get_rstudio_fg_color" "update_rstudio_color" "format_message" "%||%" "rlang::inform" "cli::cli_inform" "pkgload::load_all" "load_all" 
"normalizePath" "get_start_path" "rprojroot::find_root" "find_description" "idesc_create_file" "idesc_create" "initialize" "description$new" "desc_desc_get_field" "pkg_name" "setup_ns_imports" "create_ns_env" "pkgload::load_all" "load_all" 
"normalizePath" "get_start_path" "find_root" "find_root_file" "rprojroot_find_package_root_file" "doTryCatch" "tryCatchOne" "tryCatchList" "tryCatch" "pkg_path" "file.path" "package_file" "load_data" "pkgload::load_all" "load_all" 
"grepl" "read.dcf" "read_dcf" "idesc_create_text" "idesc_create_file" "idesc_create" "initialize" "description$new" "desc_desc_get_field" "pkg_name" "setup_ns_exports" "pkgload::load_all" "load_all" 
".rs.tutorial.findTutorials" 
"ls" "FUN" "lapply" ".rs.objectsOnSearchPath" ".rs.getCompletionsSearchPath" "Reduce" ".rs.rpc.get_completions" 
"ls" "FUN" "lapply" ".rs.objectsOnSearchPath" ".rs.getCompletionsSearchPath" "Reduce" ".rs.rpc.get_completions" 
"ls" "FUN" "lapply" ".rs.objectsOnSearchPath" ".rs.getCompletionsSearchPath" "Reduce" ".rs.rpc.get_completions" 
"ls" "FUN" "lapply" ".rs.objectsOnSearchPath" ".rs.getCompletionsSearchPath" "Reduce" ".rs.rpc.get_completions" 
"tryCatch" "FUN" "vapply" ".rs.getCompletionsSearchPath" "Reduce" ".rs.rpc.get_completions" 
"ls" "FUN" "lapply" ".rs.objectsOnSearchPath" ".rs.getCompletionsSearchPath" "Reduce" ".rs.rpc.get_completions" 
"mayCallBrowserList" "mayCallBrowser" "mayCallBrowserList" "mayCallBrowser" "mayCallBrowserList" "mayCallBrowser" "cmpfun" "doTryCatch" "tryCatchOne" "tryCatchList" "tryCatch" "compiler:::tryCmpfun" ".rs.getCompletionsNamespace" ".rs.rpc.get_completions" 
"lapply" "FUN" "lapply" "findLocalsList1" "findLocalsList" "funEnv" "make.functionContext" "cmpfun" "doTryCatch" "tryCatchOne" "tryCatchList" "tryCatch" "compiler:::tryCmpfun" ".rs.getRChainCompletions" ".rs.appendCompletionsOptionalElement" ".rs.appendCompletions" ".rs.rpc.get_completions" 
".rs.getAnywhere" ".rs.getRChainCompletions" ".rs.appendCompletionsOptionalElement" ".rs.appendCompletions" ".rs.rpc.get_completions" 
"sub" "psub1" "get_link" "writeLink" "writeBlock" "writeContent" "writeWrapped" "writeBlock" "writeContent" "writeBlock" "writeContent" "writeSection" "Rd2HTML" "tools:::httpd" "withCallingHandlers" "suppressWarnings" ".rs.getHelp" ".rs.getHelpFunction" "impl" ".rs.rpc.get_help" 
"lapply" "map" "check_valid_cols" "lst_to_tibble" "as_tibble.data.frame" "tibble::as_tibble" "as_tibble" "file_info" "is_link" "dir_exists" "uses_testthat" "devtools::test" 
"file" "parse" "tools:::.parse_CITATION_file" "utils:::readCitationFile" ".Call" "<Anonymous>" "do.call" "callFun" "<Anonymous>" "get_data" "detect_new" "rstudio$detect" "rstudio_detect" "get_rstudio_fg_color0" "doTryCatch" "tryCatchOne" "tryCatchList" "tryCatch" "get_rstudio_fg_color" "update_rstudio_color" "format_message" "%||%" "rlang::inform" "cli::cli_inform" "devtools::test" 
"lapply" "do.call" "FUN" "lapply" "bibentry" "eval" "eval" "utils:::readCitationFile" ".Call" "<Anonymous>" "do.call" "callFun" "<Anonymous>" "get_data" "detect_new" "rstudio$detect" "cli::console_width" "super$initialize" "initialize" "<Anonymous>" "find_reporter_one" "find_reporter" "test_dir" "testthat::test_local" "devtools::test" 
"sub" "is.factor" "sub" "str_trim" "idesc_get_field" "desc[["get_field"]]" "desc_desc_get_field" "pkg_name" "pkgload::load_all" "test_files_setup_env" "test_files_serial" "test_files" "test_dir" "testthat::test_local" "devtools::test" 
"vapply" "which" "find_field_class" "paste0" "<Anonymous>" "mapply" "structure" "create_fields" "read_dcf" "idesc_create_text" "idesc_create_file" "idesc_create" "initialize" "description$new" "desc_desc" "pkg_desc" "load_depends" "pkgload::load_all" "test_files_setup_env" "test_files_serial" "test_files" "test_dir" "testthat::test_local" "devtools::test" 
"vapply" "which" "find_field_class" "paste0" "<Anonymous>" "mapply" "structure" "create_fields" "read_dcf" "idesc_create_text" "idesc_create_file" "idesc_create" "initialize" "description$new" "desc_desc" "pkg_desc" "load_code" "pkgload::load_all" "test_files_setup_env" "test_files_serial" "test_files" "test_dir" "testthat::test_local" "devtools::test" 
"close" "readBin" "is_zip_file" "is_package_archive" "idesc_create_file" "idesc_create" "initialize" "description$new" "desc_desc" "pkg_desc" "export_lazydata" "setup_pkg_env" "pkgload::load_all" "test_files_setup_env" "test_files_serial" "test_files" "test_dir" "testthat::test_local" "devtools::test" 
"lapply" "FUN" "lapply" "sapply" "format.person" "format" "as.character.person" "as.character" "as.character" "grepl" "FUN" "vapply" "<Anonymous>" "do.call" "FUN" "lapply" "bibentry" "eval" "eval" "utils:::readCitationFile" ".Call" "<Anonymous>" "do.call" "callFun" "<Anonymous>" "get_data" "detect_new" "rstudio$detect" "num_ansi_colors" "ansi_has_hyperlink_support" "cli::ansi_hyperlink_types" "super$initialize" "initialize" "ListReporter$new" "test_files_reporter" "test_files_serial" "test_files" "test_dir" "testthat::test_local" "devtools::test" 
"lapply" "format.person" "format" "as.character.person" "as.character" "as.character" "grepl" "FUN" "vapply" "<Anonymous>" "do.call" "FUN" "lapply" "bibentry" "eval" "eval" "utils:::readCitationFile" ".Call" "<Anonymous>" "do.call" "callFun" "<Anonymous>" "get_data" "detect_new" "rstudio$detect" "rstudio_detect" "ansi_has_hyperlink_support" "cli::ansi_hyperlink_types" "super$initialize" "initialize" "MultiReporter$new" "test_files_reporter" "test_files_serial" "test_files" "test_dir" "testthat::test_local" "devtools::test" 
".is_not_nonempty_text" "<Anonymous>" "do.call" "FUN" "lapply" "bibentry" "eval" "eval" "utils:::readCitationFile" ".Call" "<Anonymous>" "do.call" "callFun" "<Anonymous>" "get_data" "detect_new" "rstudio$detect" "num_ansi_colors" "...elt" "stopifnot" "cli::make_ansi_style" "colourise" "paste0" "cli::cat_line" "self$cat_line" "self$show_header" "<Anonymous>" "FUN" "lapply" "o_apply" "reporter$start_reporter" "with_reporter" "test_files_serial" "test_files" "test_dir" "testthat::test_local" "devtools::test" 
"file" "parse" "tools:::.parse_CITATION_file" "utils:::readCitationFile" ".Call" "<Anonymous>" "do.call" "callFun" "<Anonymous>" "get_data" "detect_new" "rstudio$detect" "cli::num_ansi_colors" "has_colour" "colourise" "paste0" "cli::cat_line" "self$cat_line" "self$show_header" "<Anonymous>" "FUN" "lapply" "o_apply" "reporter$start_reporter" "with_reporter" "test_files_serial" "test_files" "test_dir" "testthat::test_local" "devtools::test" 
".Call" "<Anonymous>" "do.call" "callFun" "<Anonymous>" "get_data" "detect_new" "rstudio$detect" "num_ansi_colors" "<Anonymous>" "colourise" "paste0" "cli::cat_line" "self$cat_line" "self$show_header" "<Anonymous>" "FUN" "lapply" "o_apply" "reporter$start_reporter" "with_reporter" "test_files_serial" "test_files" "test_dir" "testthat::test_local" "devtools::test" 
"names" "names" "[.data.frame" "[" "vec_slice" "trace_slice" "trace_trim_env" "trace_back" "cnd_entrace" "h" ".handleSimpleError" "+" "addition" ".External2" "eval_bare" "withCallingHandlers" ".capture" "quasi_capture" "expect_condition_matching" "expect_error" "eval" "eval" "withCallingHandlers" "doTryCatch" "tryCatchOne" "tryCatchList" "doTryCatch" "tryCatchOne" "tryCatchList" "tryCatch" "test_code" "test_that" "eval" "eval" "withCallingHandlers" "doTryCatch" "tryCatchOne" "tryCatchList" "doTryCatch" "tryCatchOne" "tryCatchList" "tryCatch" "test_code" "source_file" "FUN" "lapply" "doTryCatch" "tryCatchOne" "tryCatchList" "tryCatch" "with_reporter" "test_files_serial" "test_files" "test_dir" "testthat::test_local" "devtools::test" 
"paste0" "%in%" "get_line_char" "ansi_nchar" "make_line" "paste0" "rule_left" "rule" "paste0" "cat_line" "cli::cat_rule" "self$rule" "<Anonymous>" "FUN" "lapply" "o_apply" "reporter$end_reporter" "with_reporter" "test_files_serial" "test_files" "test_dir" "testthat::test_local" "devtools::test" 
"ls" "FUN" "lapply" ".rs.objectsOnSearchPath" ".rs.getCompletionsSearchPath" "Reduce" ".rs.rpc.get_completions" 
".Call" "<Anonymous>" "do.call" "callFun" "rstudioapi::documentSaveAll" "save_all" "load_all" 
"grepl" ".is_not_nonempty_text" ".bibentry" "bibentry" "eval" "eval" "utils:::readCitationFile" ".Call" "<Anonymous>" "do.call" "callFun" "<Anonymous>" "get_data" "detect_new" "rstudio$detect" "num_ansi_colors" "...elt" "stopifnot" "make_ansi_style" "create_formatter" "merge_embedded_styles" "clii__container_start" ".transformer" "%||%" "<Anonymous>" "glue" "FUN" "lapply" "clii__inline" "app$inline" "clii__xtext" "app$xtext" "clii_text" "app$text" "FUN" "lapply" "clii_bullets" "<Anonymous>" "do.call" "cli__fmt" "cli_fmt" "format_message" "%||%" "rlang::inform" "cli::cli_inform" "pkgload::load_all" "load_all" 
"lapply" "person" "bibentry" "eval" "eval" "utils:::readCitationFile" ".Call" "<Anonymous>" "do.call" "callFun" "<Anonymous>" "get_data" "detect_new" "rstudio$detect" "num_ansi_colors" "rscol" "update_rstudio_color" "format_message" "%||%" "rlang::inform" "cli::cli_inform" "pkgload::load_all" "load_all" 
"deparse" "<Anonymous>" "do.call" "as.data.frame.list" "as.data.frame" "path" "find_root_file" "rprojroot_find_package_root_file" "doTryCatch" "tryCatchOne" "tryCatchList" "tryCatch" "pkg_path" "idesc_create" "initialize" "description$new" "desc_desc" "pkg_desc" "load_depends" "pkgload::load_all" "load_all" 
"grep" "is.factor" "sub" "read_dcf" "idesc_create_text" "idesc_create_file" "idesc_create" "initialize" "description$new" "desc_desc" "pkg_desc" "load_code" "pkgload::load_all" "load_all" 
"mapply" "structure" "create_fields" "read_dcf" "idesc_create_text" "idesc_create_file" "idesc_create" "initialize" "description$new" "desc_desc_get_field" "pkg_name" "setup_ns_exports" "pkgload::load_all" "load_all" 
"ls" "FUN" "lapply" ".rs.objectsOnSearchPath" ".rs.getCompletionsSearchPath" "Reduce" ".rs.rpc.get_completions" 
"ls" "FUN" "lapply" ".rs.objectsOnSearchPath" ".rs.getCompletionsSearchPath" "Reduce" ".rs.rpc.get_completions" 
"gsub" ".rs.fuzzyMatches" ".rs.selectFuzzyMatches" ".rs.getCompletionsNamespace" ".rs.rpc.get_completions" 
"gzfile" "readRDS" "doTryCatch" "tryCatchOne" "tryCatchList" "tryCatch" "FUN" "lapply" "find.package" "system.file" ".rs.getHelp" ".rs.getHelpFunction" "impl" ".rs.rpc.get_help" 
"do.call" "cli__fmt" "cli_fmt" "format_message" "%||%" "rlang::inform" "cli::cli_inform" "devtools::test" 
"lapply" "person" "bibentry" "eval" "eval" "utils:::readCitationFile" ".Call" "<Anonymous>" "do.call" "callFun" "<Anonymous>" "get_data" "detect_new" "rstudio$detect" "console_width" "clii__get_width" "app$get_width" "base::strwrap" "ansi_strwrap" "clii__xtext" "app$xtext" "clii_text" "app$text" "FUN" "lapply" "clii_bullets" "<Anonymous>" "do.call" "cli__fmt" "cli_fmt" "format_message" "%||%" "rlang::inform" "cli::cli_inform" "devtools::test" 
"unlist" "%in%" "<Anonymous>" "mapply" "structure" "create_fields" "read_dcf" "idesc_create_text" "idesc_create_file" "idesc_create" "initialize" "description$new" "desc_desc" "pkgload::pkg_desc" "doTryCatch" "tryCatchOne" "tryCatchList" "tryCatch" "find_description" "find_parallel" "test_dir" "testthat::test_local" "devtools::test" 
"path.expand" "normalizePath" "get_start_path" "rprojroot::find_root" "find_description" "idesc_create_file" "idesc_create" "initialize" "description$new" "desc_desc" "pkg_desc" "pkgload::load_all" "test_files_setup_env" "test_files_serial" "test_files" "test_dir" "testthat::test_local" "devtools::test" 
"check_encoding" "idesc_create_text" "idesc_create_file" "idesc_create" "initialize" "description$new" "desc_desc" "pkg_desc" "load_depends" "pkgload::load_all" "test_files_setup_env" "test_files_serial" "test_files" "test_dir" "testthat::test_local" "devtools::test" 
"grep" "is.factor" "sub" "read_dcf" "idesc_create_text" "idesc_create_file" "idesc_create" "initialize" "description$new" "desc_desc" "pkg_desc" "load_code" "pkgload::load_all" "test_files_setup_env" "test_files_serial" "test_files" "test_dir" "testthat::test_local" "devtools::test" 
"file" "readLines" "doTryCatch" "tryCatchOne" "tryCatchList" "tryCatch" "idesc_create_file" "idesc_create" "initialize" "description$new" "desc_desc" "pkg_desc" "export_lazydata" "setup_pkg_env" "pkgload::load_all" "test_files_setup_env" "test_files_serial" "test_files" "test_dir" "testthat::test_local" "devtools::test" 
"close.connection" "close" "parse" "tools:::.parse_CITATION_file" "utils:::readCitationFile" ".Call" "<Anonymous>" "do.call" "callFun" "<Anonymous>" "get_data" "detect_new" "rstudio$detect" "num_ansi_colors" "ansi_has_hyperlink_support" "cli::ansi_hyperlink_types" "super$initialize" "initialize" "ListReporter$new" "test_files_reporter" "test_files_serial" "test_files" "test_dir" "testthat::test_local" "devtools::test" 
"lapply" "bibentry" "eval" "eval" "utils:::readCitationFile" ".Call" "<Anonymous>" "do.call" "callFun" "<Anonymous>" "get_data" "detect_new" "rstudio$detect" "rstudio_detect" "rstudio_stdout" "cli_output_connection" "get_real_output" "num_ansi_colors" "...elt" "stopifnot" "cli::make_ansi_style" "colourise" "paste0" "cli::cat_line" "self$cat_line" "self$show_header" "<Anonymous>" "FUN" "lapply" "o_apply" "reporter$start_reporter" "with_reporter" "test_files_serial" "test_files" "test_dir" "testthat::test_local" "devtools::test" 
"file" "readLines" "tools:::.parse_CITATION_file" "utils:::readCitationFile" ".Call" "<Anonymous>" "do.call" "callFun" "<Anonymous>" "get_data" "detect_new" "rstudio$detect" "num_ansi_colors" "<Anonymous>" "colourise" "paste0" "cli::cat_line" "self$cat_line" "self$show_header" "<Anonymous>" "FUN" "lapply" "o_apply" "reporter$start_reporter" "with_reporter" "test_files_serial" "test_files" "test_dir" "testthat::te